[2022-04-06T01:16:28.325] [DEBUG] cheese - login => username:eric,password:123456
[2022-04-06T01:16:28.328] [DEBUG] cheese - eric
[2022-04-06T01:16:28.339] [DEBUG] cheese - null
[2022-04-06T01:16:28.339] [DEBUG] cheese - null
[2022-04-06T01:17:14.719] [DEBUG] cheese - login => username:admin,password:123456
[2022-04-06T01:17:14.719] [DEBUG] cheese - admin
[2022-04-06T01:17:14.723] [DEBUG] cheese - null
[2022-04-06T01:17:14.723] [DEBUG] cheese - null
[2022-04-07T16:04:23.439] [DEBUG] cheese - login => username:123,password:45612312
[2022-04-07T16:04:23.440] [DEBUG] cheese - 123
[2022-04-07T16:04:23.457] [DEBUG] cheese - null
[2022-04-07T16:04:23.457] [DEBUG] cheese - null
[2022-04-07T16:04:26.219] [DEBUG] cheese - login => username:123,password:45612312
[2022-04-07T16:04:26.220] [DEBUG] cheese - 123
[2022-04-07T16:04:26.221] [DEBUG] cheese - null
[2022-04-07T16:04:26.221] [DEBUG] cheese - null
[2022-04-07T16:06:11.616] [DEBUG] cheese - login => username:admin,password:123456
[2022-04-07T16:06:11.616] [DEBUG] cheese - admin
[2022-04-07T16:06:11.619] [DEBUG] cheese - null
[2022-04-07T16:06:11.619] [DEBUG] cheese - null
[2022-04-07T16:08:40.737] [DEBUG] cheese - login => username:admin,password:123456
[2022-04-07T16:08:40.737] [DEBUG] cheese - admin
[2022-04-07T16:08:40.738] [DEBUG] cheese - null
[2022-04-07T16:08:40.738] [DEBUG] cheese - null
[2022-04-07T16:08:43.579] [DEBUG] cheese - login => username:admin``,password:123456
[2022-04-07T16:08:43.579] [DEBUG] cheese - admin``
[2022-04-07T16:08:43.580] [DEBUG] cheese - null
[2022-04-07T16:08:43.581] [DEBUG] cheese - null
[2022-04-07T16:09:55.809] [DEBUG] cheese - login => username:adada,password:1231313123
[2022-04-07T16:09:55.809] [DEBUG] cheese - adada
[2022-04-07T16:09:55.810] [DEBUG] cheese - null
[2022-04-07T16:09:55.810] [DEBUG] cheese - null
[2022-04-07T16:10:15.810] [DEBUG] cheese - login => username:1131231,password:232111
[2022-04-07T16:10:15.810] [DEBUG] cheese - 1131231
[2022-04-07T16:10:15.811] [DEBUG] cheese - null
[2022-04-07T16:10:15.811] [DEBUG] cheese - null
[2022-04-07T20:39:45.319] [DEBUG] cheese - login => username:admin,password:789654
[2022-04-07T20:39:45.320] [DEBUG] cheese - admin
[2022-04-07T20:39:45.328] [DEBUG] cheese - null
[2022-04-07T20:39:45.328] [DEBUG] cheese - null
[2022-04-07T20:39:53.525] [DEBUG] cheese - login => username:admin,password:123456
[2022-04-07T20:39:53.525] [DEBUG] cheese - admin
[2022-04-07T20:39:53.527] [DEBUG] cheese - null
[2022-04-07T20:39:53.527] [DEBUG] cheese - null
[2022-04-07T20:43:59.135] [DEBUG] cheese - login => username:admin,password:123456
[2022-04-07T20:43:59.135] [DEBUG] cheese - admin
[2022-04-07T20:43:59.137] [DEBUG] cheese - null
[2022-04-07T20:43:59.138] [DEBUG] cheese - null
[2022-04-07T20:49:24.266] [DEBUG] cheese - login => username:admin,password:123456
[2022-04-07T20:49:24.266] [DEBUG] cheese - admin
[2022-04-07T20:49:24.268] [DEBUG] cheese - null
[2022-04-07T20:49:24.268] [DEBUG] cheese - null
[2022-04-07T20:49:52.956] [DEBUG] cheese - login => username:admin,password:123456
[2022-04-07T20:49:52.957] [DEBUG] cheese - admin
[2022-04-07T20:49:52.958] [DEBUG] cheese - null
[2022-04-07T20:49:52.958] [DEBUG] cheese - null
[2022-04-07T20:51:26.472] [DEBUG] cheese - login => username:admin,password:123456
[2022-04-07T20:51:26.472] [DEBUG] cheese - admin
[2022-04-07T20:51:26.473] [DEBUG] cheese - null
[2022-04-07T20:51:26.473] [DEBUG] cheese - null
[2022-04-07T20:53:40.939] [DEBUG] cheese - login => username:admin,password:123456
[2022-04-07T20:53:40.939] [DEBUG] cheese - admin
[2022-04-07T20:53:40.941] [DEBUG] cheese - null
[2022-04-07T20:53:40.941] [DEBUG] cheese - null
[2022-04-07T20:54:59.370] [DEBUG] cheese - login => username:admin,password:123456
[2022-04-07T20:54:59.370] [DEBUG] cheese - admin
[2022-04-07T20:54:59.372] [DEBUG] cheese - null
[2022-04-07T20:54:59.372] [DEBUG] cheese - null
[2022-04-07T21:07:05.672] [DEBUG] cheese - login => username:admin,password:123456
[2022-04-07T21:07:05.672] [DEBUG] cheese - admin
[2022-04-07T21:07:05.675] [DEBUG] cheese - null
[2022-04-07T21:07:05.675] [DEBUG] cheese - null
[2022-04-07T21:10:42.313] [DEBUG] cheese - login => username:admin,password:123456
[2022-04-07T21:10:42.313] [DEBUG] cheese - admin
[2022-04-07T21:10:42.315] [DEBUG] cheese - null
[2022-04-07T21:10:42.315] [DEBUG] cheese - null
[2022-04-07T21:13:13.502] [DEBUG] cheese - login => username:admin,password:123456
[2022-04-07T21:13:13.502] [DEBUG] cheese - admin
[2022-04-07T21:13:13.503] [DEBUG] cheese - null
[2022-04-07T21:13:13.503] [DEBUG] cheese - null
[2022-04-07T21:13:42.232] [DEBUG] cheese - login => username:admin,password:123456
[2022-04-07T21:13:42.232] [DEBUG] cheese - admin
[2022-04-07T21:13:42.233] [DEBUG] cheese - null
[2022-04-07T21:13:42.233] [DEBUG] cheese - null
[2022-04-07T21:20:23.034] [DEBUG] cheese - login => username:admin,password:123456
[2022-04-07T21:20:23.034] [DEBUG] cheese - admin
[2022-04-07T21:20:23.035] [DEBUG] cheese - null
[2022-04-07T21:20:23.035] [DEBUG] cheese - null
[2022-04-07T21:34:03.495] [DEBUG] cheese - login => username:admin,password:123456
[2022-04-07T21:34:03.495] [DEBUG] cheese - admin
[2022-04-07T21:34:03.496] [DEBUG] cheese - null
[2022-04-07T21:34:03.496] [DEBUG] cheese - null
[2022-04-07T21:35:05.324] [DEBUG] cheese - login => username:admin,password:123456
[2022-04-07T21:35:05.324] [DEBUG] cheese - admin
[2022-04-07T21:35:05.325] [DEBUG] cheese - null
[2022-04-07T21:35:05.325] [DEBUG] cheese - null
[2022-04-07T21:40:56.329] [DEBUG] cheese - login => username:admin,password:123456
[2022-04-07T21:40:56.329] [DEBUG] cheese - admin
[2022-04-07T21:40:56.331] [DEBUG] cheese - null
[2022-04-07T21:40:56.332] [DEBUG] cheese - null
[2022-04-08T11:21:56.380] [DEBUG] cheese - login => username:admin,password:123456
[2022-04-08T11:21:56.381] [DEBUG] cheese - admin
[2022-04-08T11:21:56.397] [DEBUG] cheese - null
[2022-04-08T11:21:56.397] [DEBUG] cheese - null
[2022-04-08T11:48:13.009] [DEBUG] cheese - login => username:admin,password:123456
[2022-04-08T11:48:13.010] [DEBUG] cheese - admin
[2022-04-08T11:48:13.013] [DEBUG] cheese - null
[2022-04-08T11:48:13.013] [DEBUG] cheese - null
[2022-04-08T11:50:30.798] [DEBUG] cheese - login => username:admin,password:123456
[2022-04-08T11:50:30.798] [DEBUG] cheese - admin
[2022-04-08T11:50:30.800] [DEBUG] cheese - null
[2022-04-08T11:50:30.800] [DEBUG] cheese - null
[2022-04-08T13:06:29.949] [DEBUG] cheese - login => username:admin,password:123456
[2022-04-08T13:06:29.950] [DEBUG] cheese - admin
[2022-04-08T13:06:29.959] [DEBUG] cheese - null
[2022-04-08T13:06:29.959] [DEBUG] cheese - null
[2022-04-08T13:12:45.638] [DEBUG] cheese - login => username:admin,password:123456
[2022-04-08T13:12:45.638] [DEBUG] cheese - admin
[2022-04-08T13:12:45.644] [DEBUG] cheese - null
[2022-04-08T13:12:45.644] [DEBUG] cheese - null
[2022-04-08T13:28:09.854] [DEBUG] cheese - login => username:admin,password:123456
[2022-04-08T13:28:09.855] [DEBUG] cheese - admin
[2022-04-08T13:28:09.861] [DEBUG] cheese - null
[2022-04-08T13:28:09.861] [DEBUG] cheese - null
[2022-04-08T13:32:07.313] [DEBUG] cheese - login => username:admin,password:123456
[2022-04-08T13:32:07.313] [DEBUG] cheese - admin
[2022-04-08T13:32:07.319] [DEBUG] cheese - null
[2022-04-08T13:32:07.320] [DEBUG] cheese - null
[2022-04-08T13:33:18.382] [DEBUG] cheese - login => username:admin,password:123456
[2022-04-08T13:33:18.382] [DEBUG] cheese - admin
[2022-04-08T13:33:18.384] [DEBUG] cheese - null
[2022-04-08T13:33:18.384] [DEBUG] cheese - null
[2022-04-08T15:45:12.671] [DEBUG] cheese - login => username:admin,password:123456
[2022-04-08T15:45:12.672] [DEBUG] cheese - admin
[2022-04-08T15:45:12.685] [DEBUG] cheese - null
[2022-04-08T15:45:12.685] [DEBUG] cheese - null
[2022-04-08T15:58:55.283] [DEBUG] cheese - login => username:admin,password:123456
[2022-04-08T15:58:55.283] [DEBUG] cheese - admin
[2022-04-08T15:58:55.285] [DEBUG] cheese - null
[2022-04-08T15:58:55.285] [DEBUG] cheese - null
[2022-04-08T15:59:38.136] [DEBUG] cheese - login => username:admin,password:123456
[2022-04-08T15:59:38.137] [DEBUG] cheese - admin
[2022-04-08T15:59:38.143] [DEBUG] cheese - null
[2022-04-08T15:59:38.143] [DEBUG] cheese - null
[2022-04-08T16:01:39.403] [DEBUG] cheese - login => username:admin,password:123456
[2022-04-08T16:01:39.404] [DEBUG] cheese - admin
[2022-04-08T16:01:39.406] [DEBUG] cheese - null
[2022-04-08T16:01:39.406] [DEBUG] cheese - null
[2022-04-08T22:24:39.361] [DEBUG] cheese - login => username:admin,password:123456
[2022-04-08T22:24:39.362] [DEBUG] cheese - admin
[2022-04-08T22:24:39.370] [DEBUG] cheese - null
[2022-04-08T22:24:39.370] [DEBUG] cheese - null
[2022-04-09T12:00:58.502] [DEBUG] cheese - login => username:admin,password:123456
[2022-04-09T12:00:58.503] [DEBUG] cheese - admin
[2022-04-09T12:00:58.520] [DEBUG] cheese - null
[2022-04-09T12:00:58.521] [DEBUG] cheese - null
[2022-04-09T19:56:53.362] [DEBUG] cheese - login => username:admin,password:123456
[2022-04-09T19:56:53.362] [DEBUG] cheese - admin
[2022-04-09T19:56:53.372] [DEBUG] cheese - null
[2022-04-09T19:56:53.372] [DEBUG] cheese - null
[2022-04-09T20:33:05.017] [DEBUG] cheese - null
[2022-04-09T20:34:06.829] [DEBUG] cheese - null
[2022-04-09T20:35:41.058] [DEBUG] cheese - null
[2022-04-09T20:35:47.166] [DEBUG] cheese - null
[2022-04-09T20:35:50.077] [DEBUG] cheese - null
[2022-04-10T10:47:18.484] [DEBUG] cheese - login => username:admin,password:123456
[2022-04-10T10:47:18.485] [DEBUG] cheese - admin
[2022-04-10T10:47:18.503] [DEBUG] cheese - null
[2022-04-10T10:47:18.503] [DEBUG] cheese - null
[2022-04-10T14:26:26.412] [DEBUG] cheese - login => username:admin,password:123456
[2022-04-10T14:26:26.413] [DEBUG] cheese - admin
[2022-04-10T14:26:26.422] [DEBUG] cheese - null
[2022-04-10T14:26:26.422] [DEBUG] cheese - null
[2022-04-11T15:20:47.678] [DEBUG] cheese - login => username:admin,password:123456
[2022-04-11T15:20:47.679] [DEBUG] cheese - admin
[2022-04-11T15:20:47.695] [DEBUG] cheese - null
[2022-04-11T15:20:47.696] [DEBUG] cheese - null
[2022-04-11T19:43:22.955] [DEBUG] cheese - login => username:admin,password:123456
[2022-04-11T19:43:22.957] [DEBUG] cheese - admin
[2022-04-11T19:43:22.959] [DEBUG] cheese - null
[2022-04-11T19:43:22.960] [DEBUG] cheese - null
[2022-04-12T12:06:39.947] [DEBUG] cheese - login => username:admin,password:123456
[2022-04-12T12:06:39.948] [DEBUG] cheese - admin
[2022-04-12T12:06:39.965] [DEBUG] cheese - null
[2022-04-12T12:06:39.965] [DEBUG] cheese - null
[2022-04-12T14:12:26.871] [DEBUG] cheese - null
[2022-04-12T15:43:29.847] [DEBUG] cheese - login => username:admin,password:123456
[2022-04-12T15:43:29.848] [DEBUG] cheese - admin
[2022-04-12T15:43:29.855] [DEBUG] cheese - null
[2022-04-12T15:43:29.855] [DEBUG] cheese - null
[2022-04-12T15:53:02.022] [DEBUG] cheese - null
[2022-04-12T15:53:08.043] [DEBUG] cheese - null
[2022-04-12T15:53:13.785] [DEBUG] cheese - null
[2022-04-12T15:53:48.093] [DEBUG] cheese - null
[2022-04-12T15:54:49.368] [DEBUG] cheese - null
[2022-04-12T15:55:12.460] [DEBUG] cheese - null
[2022-04-12T15:57:09.518] [DEBUG] cheese - null
[2022-04-14T11:12:44.632] [DEBUG] cheese - login => username:admin,password:123456
[2022-04-14T11:12:44.633] [DEBUG] cheese - admin
[2022-04-14T11:12:44.649] [DEBUG] cheese - null
[2022-04-14T11:12:44.649] [DEBUG] cheese - null
[2022-04-14T11:51:31.020] [DEBUG] cheese - login => username:admin,password:123456
[2022-04-14T11:51:31.021] [DEBUG] cheese - admin
[2022-04-14T11:51:31.023] [DEBUG] cheese - null
[2022-04-14T11:51:31.024] [DEBUG] cheese - null
[2022-04-14T12:08:20.880] [DEBUG] cheese - login => username:admin,password:123456
[2022-04-14T12:08:20.881] [DEBUG] cheese - admin
[2022-04-14T12:08:20.887] [DEBUG] cheese - null
[2022-04-14T12:08:20.887] [DEBUG] cheese - null
[2022-04-14T12:39:31.636] [DEBUG] cheese - login => username:admin,password:123456
[2022-04-14T12:39:31.637] [DEBUG] cheese - admin
[2022-04-14T12:39:31.641] [DEBUG] cheese - { inspect: [Function: inspect] }
[2022-04-14T12:39:31.642] [DEBUG] cheese - 查询失败
[2022-04-14T12:39:36.007] [DEBUG] cheese - login => username:admin,password:123456
[2022-04-14T12:39:36.007] [DEBUG] cheese - admin
[2022-04-14T12:39:36.009] [DEBUG] cheese - { inspect: [Function: inspect] }
[2022-04-14T12:39:36.009] [DEBUG] cheese - 查询失败
[2022-04-14T12:39:42.955] [DEBUG] cheese - login => username:admin,password:123456
[2022-04-14T12:39:42.955] [DEBUG] cheese - admin
[2022-04-14T12:39:42.961] [DEBUG] cheese - null
[2022-04-14T12:39:42.961] [DEBUG] cheese - null
